# PostgreSQL_실행계획



```sql
EXPLAIN ANALYZE SELECT ... FROM ...

-- QUERY PLAN                                             
-------------------------------------------------------
-- Sort  (cost=573099.50..573099.54 rows=16 width=772) (actual time=5313.296..5313.297 rows=10 loops=1)     
-- Sort Key: ...                                                                                  
-- Sort Method: quicksort  Memory: 27kB                                                                   
-- ->  Subquery Scan on ...  (cost=572974.46..573099.18 rows=16 width=772) (actual time=5313.140..5313.285 r...
--       Filter: ((... IS NOT NULL) AND (... IS NOT NULL) AND (... >= 1) AND (...
--       Rows Removed by Filter: 240                                                                      
--       ->  WindowAgg  (cost=572974.46..573049.29 rows=3326 width=764) (actual time=5313.134..5313.254 ro...
--             ->  Sort  (cost=572974.46..572982.77 rows=3326 width=764) (actual time=5313.129..5313.150 r...
--                   Sort Key: (max(...)) DESC, ...                 
--                   Sort Method: quicksort  Memory: 88kB                                                 
--                   ->  GroupAggregate  (cost=570502.12..572779.89 rows=3326 width=764) (actual time=5001...
--                   ...

-- Planning time: 1.778 ms                                                                                         
-- Execution time: 5315.996 ms
```

